sampling positions: 0, IMG_105.jpg, 184, 80
sampling positions: 1, IMG_112.jpg, 88, 336
sampling positions: 2, IMG_115.jpg, 264, 328
sampling positions: 3, IMG_118.jpg, 160, 576
sampling positions: 4, IMG_126.jpg, 336, 792
sampling positions: 5, IMG_128.jpg, 104, 600
sampling positions: 6, IMG_140.jpg, 416, 232
sampling positions: 7, IMG_142.jpg, 120, 384
sampling positions: 8, IMG_164.jpg, 32, 136
sampling positions: 9, IMG_171.jpg, 0, 328
sampling positions: 10, IMG_184.jpg, 32, 496
sampling positions: 11, IMG_185.jpg, 224, 80
sampling positions: 12, IMG_187.jpg, 88, 408
sampling positions: 13, IMG_19.jpg, 144, 576
sampling positions: 14, IMG_21.jpg, 320, 680
sampling positions: 15, IMG_239.jpg, 64, 120
sampling positions: 16, IMG_25.jpg, 72, 608
sampling positions: 17, IMG_281.jpg, 16, 88
sampling positions: 18, IMG_31.jpg, 360, 136
sampling positions: 19, IMG_34.jpg, 440, 24
sampling positions: 20, IMG_37.jpg, 296, 240
sampling positions: 21, IMG_42.jpg, 136, 256
sampling positions: 22, IMG_43.jpg, 432, 328
sampling positions: 23, IMG_48.jpg, 192, 168
sampling positions: 24, IMG_63.jpg, 496, 280
sampling positions: 25, IMG_65.jpg, 248, 728
sampling positions: 26, IMG_68.jpg, 128, 688
sampling positions: 27, IMG_72.jpg, 320, 688
sampling positions: 28, IMG_77.jpg, 224, 696
sampling positions: 29, IMG_87.jpg, 0, 128
sampling positions: 0, IMG_105.jpg, 160, 480
sampling positions: 1, IMG_112.jpg, 32, 160
sampling positions: 2, IMG_115.jpg, 344, 416
sampling positions: 3, IMG_118.jpg, 192, 344
sampling positions: 4, IMG_126.jpg, 104, 648
sampling positions: 5, IMG_128.jpg, 256, 112
sampling positions: 6, IMG_140.jpg, 432, 8
sampling positions: 7, IMG_142.jpg, 136, 424
sampling positions: 8, IMG_164.jpg, 72, 152
sampling positions: 9, IMG_171.jpg, 120, 280
sampling positions: 10, IMG_184.jpg, 152, 392
sampling positions: 11, IMG_185.jpg, 480, 16
sampling positions: 12, IMG_187.jpg, 64, 104
sampling positions: 13, IMG_19.jpg, 80, 152
sampling positions: 14, IMG_21.jpg, 224, 552
sampling positions: 15, IMG_239.jpg, 56, 48
sampling positions: 16, IMG_25.jpg, 176, 64
sampling positions: 17, IMG_281.jpg, 104, 536
sampling positions: 18, IMG_31.jpg, 280, 216
sampling positions: 19, IMG_34.jpg, 264, 544
sampling positions: 20, IMG_37.jpg, 368, 232
sampling positions: 21, IMG_42.jpg, 288, 448
sampling positions: 22, IMG_43.jpg, 240, 128
sampling positions: 23, IMG_48.jpg, 184, 248
sampling positions: 24, IMG_63.jpg, 512, 72
sampling positions: 25, IMG_65.jpg, 392, 16
sampling positions: 26, IMG_68.jpg, 240, 104
sampling positions: 27, IMG_72.jpg, 88, 632
sampling positions: 28, IMG_77.jpg, 440, 792
sampling positions: 29, IMG_87.jpg, 40, 240
sampling positions: 0, IMG_105.jpg, 192, 488
sampling positions: 1, IMG_112.jpg, 64, 248
sampling positions: 2, IMG_115.jpg, 288, 440
sampling positions: 3, IMG_118.jpg, 200, 200
sampling positions: 4, IMG_126.jpg, 72, 536
sampling positions: 5, IMG_128.jpg, 152, 64
sampling positions: 6, IMG_140.jpg, 440, 216
sampling positions: 7, IMG_142.jpg, 184, 128
sampling positions: 8, IMG_164.jpg, 208, 56
sampling positions: 9, IMG_171.jpg, 0, 72
sampling positions: 10, IMG_184.jpg, 8, 760
sampling positions: 11, IMG_185.jpg, 560, 152
sampling positions: 12, IMG_187.jpg, 160, 512
sampling positions: 13, IMG_19.jpg, 120, 56
sampling positions: 14, IMG_21.jpg, 120, 512
sampling positions: 15, IMG_239.jpg, 72, 56
sampling positions: 16, IMG_25.jpg, 8, 256
sampling positions: 17, IMG_281.jpg, 56, 104
sampling positions: 18, IMG_31.jpg, 80, 136
sampling positions: 19, IMG_34.jpg, 256, 240
sampling positions: 20, IMG_37.jpg, 184, 576
sampling positions: 21, IMG_42.jpg, 176, 136
sampling positions: 22, IMG_43.jpg, 176, 144
sampling positions: 23, IMG_48.jpg, 88, 256
sampling positions: 24, IMG_63.jpg, 456, 712
sampling positions: 25, IMG_65.jpg, 248, 48
sampling positions: 26, IMG_68.jpg, 152, 56
sampling positions: 27, IMG_72.jpg, 112, 200
sampling positions: 28, IMG_77.jpg, 376, 80
sampling positions: 29, IMG_87.jpg, 184, 264
sampling positions: 0, IMG_105.jpg, 312, 80
sampling positions: 1, IMG_112.jpg, 72, 16
sampling positions: 2, IMG_115.jpg, 96, 112
sampling positions: 3, IMG_118.jpg, 384, 584
sampling positions: 4, IMG_126.jpg, 328, 248
sampling positions: 5, IMG_128.jpg, 104, 784
sampling positions: 6, IMG_140.jpg, 424, 672
sampling positions: 7, IMG_142.jpg, 96, 160
sampling positions: 8, IMG_164.jpg, 0, 384
sampling positions: 9, IMG_171.jpg, 32, 336
sampling positions: 10, IMG_184.jpg, 40, 600
sampling positions: 11, IMG_185.jpg, 560, 128
sampling positions: 12, IMG_187.jpg, 104, 536
sampling positions: 13, IMG_19.jpg, 368, 584
sampling positions: 14, IMG_21.jpg, 232, 168
sampling positions: 15, IMG_239.jpg, 8, 224
sampling positions: 16, IMG_25.jpg, 88, 408
sampling positions: 17, IMG_281.jpg, 416, 200
sampling positions: 18, IMG_31.jpg, 400, 240
sampling positions: 19, IMG_34.jpg, 208, 432
sampling positions: 20, IMG_37.jpg, 344, 576
sampling positions: 21, IMG_42.jpg, 216, 288
sampling positions: 22, IMG_43.jpg, 256, 200
sampling positions: 23, IMG_48.jpg, 8, 80
sampling positions: 24, IMG_63.jpg, 312, 592
sampling positions: 25, IMG_65.jpg, 32, 64
sampling positions: 26, IMG_68.jpg, 264, 264
sampling positions: 27, IMG_72.jpg, 304, 32
sampling positions: 28, IMG_77.jpg, 424, 176
sampling positions: 29, IMG_87.jpg, 32, 264
sampling positions: 0, IMG_105.jpg, 152, 8
sampling positions: 1, IMG_112.jpg, 96, 568
sampling positions: 2, IMG_115.jpg, 128, 448
sampling positions: 3, IMG_118.jpg, 232, 176
sampling positions: 4, IMG_126.jpg, 48, 336
sampling positions: 5, IMG_128.jpg, 224, 688
sampling positions: 6, IMG_140.jpg, 288, 544
sampling positions: 7, IMG_142.jpg, 56, 376
sampling positions: 8, IMG_164.jpg, 0, 248
sampling positions: 9, IMG_171.jpg, 32, 360
sampling positions: 10, IMG_184.jpg, 304, 104
sampling positions: 11, IMG_185.jpg, 568, 248
sampling positions: 12, IMG_187.jpg, 48, 184
sampling positions: 13, IMG_19.jpg, 64, 312
sampling positions: 14, IMG_21.jpg, 256, 160
sampling positions: 15, IMG_239.jpg, 0, 288
sampling positions: 16, IMG_25.jpg, 376, 592
sampling positions: 17, IMG_281.jpg, 192, 512
sampling positions: 18, IMG_31.jpg, 448, 368
sampling positions: 19, IMG_34.jpg, 344, 208
sampling positions: 20, IMG_37.jpg, 16, 432
sampling positions: 21, IMG_42.jpg, 408, 360
sampling positions: 22, IMG_43.jpg, 280, 464
sampling positions: 23, IMG_48.jpg, 192, 328
sampling positions: 24, IMG_63.jpg, 264, 208
sampling positions: 25, IMG_65.jpg, 48, 632
sampling positions: 26, IMG_68.jpg, 328, 488
sampling positions: 27, IMG_72.jpg, 240, 200
sampling positions: 28, IMG_77.jpg, 96, 736
sampling positions: 29, IMG_87.jpg, 72, 16
