sampling positions: 0, img_0001.jpg, 408, 696
sampling positions: 1, img_0002.jpg, 80, 88
sampling positions: 2, img_0010.jpg, 336, 264
sampling positions: 3, img_0020.jpg, 328, 672
sampling positions: 4, img_0023.jpg, 64, 792
sampling positions: 5, img_0024.jpg, 104, 600
sampling positions: 6, img_0026.jpg, 416, 232
sampling positions: 7, img_0030.jpg, 136, 32
sampling positions: 8, img_0031.jpg, 224, 464
sampling positions: 9, img_0032.jpg, 80, 88
sampling positions: 10, img_0034.jpg, 408, 504
sampling positions: 11, img_0035.jpg, 144, 576
sampling positions: 12, img_0037.jpg, 320, 680
sampling positions: 13, img_0041.jpg, 368, 240
sampling positions: 14, img_0044.jpg, 192, 120
sampling positions: 15, img_0046.jpg, 72, 608
sampling positions: 16, img_0061.jpg, 16, 88
sampling positions: 17, img_0062.jpg, 360, 136
sampling positions: 18, img_0069.jpg, 440, 24
sampling positions: 19, img_0072.jpg, 296, 240
sampling positions: 20, img_0074.jpg, 136, 256
sampling positions: 21, img_0080.jpg, 432, 328
sampling positions: 22, img_0086.jpg, 496, 280
sampling positions: 23, img_0087.jpg, 248, 216
sampling positions: 24, img_0092.jpg, 128, 224
sampling positions: 25, img_0096.jpg, 184, 0
sampling positions: 26, img_0098.jpg, 128, 720
sampling positions: 27, img_0108.jpg, 464, 576
sampling positions: 28, img_0122.jpg, 328, 112
sampling positions: 29, img_0123.jpg, 160, 272
sampling positions: 30, img_0124.jpg, 88, 440
sampling positions: 31, img_0130.jpg, 272, 40
sampling positions: 0, img_0137.jpg, 512, 48
sampling positions: 1, img_0138.jpg, 384, 608
sampling positions: 2, img_0141.jpg, 448, 296
sampling positions: 3, img_0142.jpg, 72, 720
sampling positions: 4, img_0144.jpg, 376, 568
sampling positions: 5, img_0148.jpg, 424, 496
sampling positions: 6, img_0149.jpg, 272, 216
sampling positions: 7, img_0150.jpg, 328, 8
sampling positions: 8, img_0151.jpg, 144, 640
sampling positions: 9, img_0152.jpg, 184, 440
sampling positions: 10, img_0153.jpg, 88, 56
sampling positions: 11, img_0154.jpg, 152, 424
sampling positions: 12, img_0155.jpg, 120, 16
sampling positions: 13, img_0160.jpg, 296, 664
sampling positions: 14, img_0161.jpg, 16, 232
sampling positions: 15, img_0165.jpg, 264, 112
sampling positions: 16, img_0171.jpg, 240, 456
sampling positions: 17, img_0172.jpg, 176, 80
sampling positions: 18, img_0174.jpg, 384, 160
sampling positions: 19, img_0175.jpg, 264, 560
sampling positions: 20, img_0179.jpg, 216, 224
sampling positions: 21, img_0180.jpg, 176, 720
sampling positions: 22, img_0185.jpg, 144, 760
sampling positions: 23, img_0186.jpg, 16, 480
sampling positions: 24, img_0189.jpg, 264, 136
sampling positions: 25, img_0193.jpg, 40, 472
sampling positions: 26, img_0206.jpg, 168, 224
sampling positions: 27, img_0207.jpg, 400, 320
sampling positions: 28, img_0213.jpg, 448, 88
sampling positions: 29, img_0221.jpg, 416, 464
sampling positions: 30, img_0222.jpg, 64, 352
sampling positions: 31, img_0224.jpg, 320, 72
sampling positions: 0, img_0232.jpg, 8, 448
sampling positions: 1, img_0237.jpg, 744, 240
sampling positions: 2, img_0239.jpg, 312, 512
sampling positions: 3, img_0242.jpg, 192, 488
sampling positions: 4, img_0259.jpg, 184, 688
sampling positions: 5, img_0261.jpg, 488, 336
sampling positions: 6, img_0266.jpg, 352, 280
sampling positions: 7, img_0269.jpg, 152, 400
sampling positions: 8, img_0270.jpg, 432, 240
sampling positions: 9, img_0276.jpg, 272, 272
sampling positions: 10, img_0278.jpg, 296, 464
sampling positions: 11, img_0280.jpg, 96, 48
sampling positions: 12, img_0284.jpg, 0, 328
sampling positions: 13, img_0288.jpg, 136, 368
sampling positions: 14, img_0291.jpg, 384, 744
sampling positions: 15, img_0294.jpg, 320, 448
sampling positions: 16, img_0300.jpg, 128, 736
sampling positions: 17, img_0316.jpg, 0, 8
sampling positions: 18, img_0323.jpg, 128, 504
sampling positions: 19, img_0325.jpg, 424, 688
sampling positions: 20, img_0348.jpg, 0, 592
sampling positions: 21, img_0360.jpg, 216, 392
sampling positions: 22, img_0361.jpg, 8, 776
sampling positions: 23, img_0364.jpg, 272, 136
sampling positions: 24, img_0375.jpg, 152, 184
sampling positions: 25, img_0379.jpg, 104, 760
sampling positions: 26, img_0382.jpg, 544, 64
sampling positions: 27, img_0384.jpg, 152, 584
sampling positions: 28, img_0386.jpg, 48, 464
sampling positions: 29, img_0389.jpg, 144, 80
sampling positions: 30, img_0390.jpg, 192, 240
sampling positions: 31, img_0391.jpg, 128, 88
sampling positions: 0, img_0401.jpg, 296, 536
sampling positions: 1, img_0403.jpg, 8, 688
sampling positions: 2, img_0407.jpg, 488, 656
sampling positions: 3, img_0415.jpg, 216, 440
sampling positions: 4, img_0418.jpg, 192, 496
sampling positions: 5, img_0428.jpg, 128, 72
sampling positions: 6, img_0430.jpg, 232, 224
sampling positions: 7, img_0432.jpg, 152, 192
sampling positions: 8, img_0435.jpg, 328, 264
sampling positions: 9, img_0436.jpg, 448, 88
sampling positions: 10, img_0437.jpg, 440, 504
sampling positions: 11, img_0438.jpg, 0, 760
sampling positions: 12, img_0468.jpg, 200, 16
sampling positions: 13, img_0471.jpg, 40, 424
sampling positions: 14, img_0472.jpg, 64, 160
sampling positions: 15, img_0479.jpg, 368, 792
sampling positions: 16, img_0489.jpg, 208, 408
sampling positions: 17, img_0495.jpg, 360, 0
sampling positions: 18, img_0496.jpg, 32, 672
sampling positions: 19, img_0498.jpg, 264, 336
sampling positions: 20, img_0505.jpg, 392, 584
sampling positions: 21, img_0511.jpg, 280, 512
sampling positions: 22, img_0521.jpg, 344, 32
sampling positions: 23, img_0523.jpg, 16, 600
sampling positions: 24, img_0524.jpg, 0, 728
sampling positions: 25, img_0527.jpg, 496, 368
sampling positions: 26, img_0529.jpg, 248, 480
sampling positions: 27, img_0552.jpg, 56, 352
sampling positions: 28, img_0553.jpg, 72, 408
sampling positions: 29, img_0570.jpg, 208, 688
sampling positions: 30, img_0574.jpg, 248, 88
sampling positions: 31, img_0578.jpg, 208, 192
sampling positions: 0, img_0592.jpg, 16, 240
sampling positions: 1, img_0596.jpg, 160, 336
sampling positions: 2, img_0601.jpg, 336, 504
sampling positions: 3, img_0603.jpg, 64, 512
sampling positions: 4, img_0607.jpg, 56, 56
sampling positions: 5, img_0617.jpg, 408, 168
sampling positions: 6, img_0622.jpg, 632, 248
sampling positions: 7, img_0623.jpg, 208, 616
sampling positions: 8, img_0636.jpg, 280, 616
sampling positions: 9, img_0637.jpg, 128, 368
sampling positions: 10, img_0638.jpg, 312, 696
sampling positions: 11, img_0639.jpg, 40, 208
sampling positions: 12, img_0646.jpg, 472, 296
sampling positions: 13, img_0654.jpg, 336, 576
sampling positions: 14, img_0669.jpg, 0, 240
sampling positions: 15, img_0670.jpg, 176, 688
sampling positions: 16, img_0674.jpg, 40, 56
sampling positions: 17, img_0677.jpg, 352, 16
sampling positions: 18, img_0678.jpg, 416, 520
sampling positions: 19, img_0682.jpg, 264, 760
sampling positions: 20, img_0690.jpg, 416, 568
sampling positions: 21, img_0700.jpg, 48, 216
sampling positions: 22, img_0702.jpg, 184, 632
sampling positions: 23, img_0721.jpg, 8, 584
sampling positions: 24, img_0733.jpg, 440, 24
sampling positions: 25, img_0742.jpg, 280, 432
sampling positions: 26, img_0754.jpg, 312, 768
sampling positions: 27, img_0756.jpg, 256, 416
sampling positions: 28, img_0762.jpg, 288, 584
sampling positions: 29, img_0769.jpg, 368, 56
sampling positions: 30, img_0777.jpg, 128, 152
sampling positions: 31, img_0784.jpg, 120, 624
sampling positions: 0, img_0786.jpg, 40, 40
sampling positions: 1, img_0791.jpg, 376, 208
sampling positions: 2, img_0792.jpg, 136, 664
sampling positions: 3, img_0796.jpg, 64, 776
sampling positions: 4, img_0803.jpg, 216, 504
sampling positions: 5, img_0808.jpg, 320, 736
sampling positions: 6, img_0809.jpg, 224, 704
sampling positions: 7, img_0812.jpg, 392, 64
sampling positions: 8, img_0814.jpg, 208, 376
sampling positions: 9, img_0821.jpg, 328, 312
sampling positions: 10, img_0834.jpg, 280, 472
sampling positions: 11, img_0840.jpg, 104, 608
sampling positions: 12, img_0843.jpg, 160, 512
sampling positions: 13, img_0853.jpg, 200, 176
sampling positions: 14, img_0855.jpg, 344, 240
sampling positions: 15, img_0859.jpg, 336, 0
sampling positions: 16, img_0860.jpg, 176, 584
sampling positions: 17, img_0862.jpg, 72, 120
sampling positions: 18, img_0864.jpg, 160, 8
sampling positions: 19, img_0903.jpg, 400, 0
sampling positions: 20, img_0905.jpg, 312, 16
sampling positions: 21, img_0906.jpg, 312, 152
sampling positions: 22, img_0913.jpg, 80, 392
sampling positions: 23, img_0915.jpg, 248, 712
sampling positions: 24, img_0917.jpg, 344, 440
sampling positions: 25, img_0923.jpg, 440, 248
sampling positions: 26, img_0926.jpg, 344, 72
sampling positions: 27, img_0927.jpg, 304, 184
sampling positions: 28, img_0928.jpg, 144, 472
sampling positions: 29, img_0929.jpg, 328, 216
sampling positions: 30, img_0937.jpg, 16, 736
sampling positions: 31, img_0938.jpg, 224, 512
sampling positions: 0, img_0948.jpg, 376, 624
sampling positions: 1, img_0951.jpg, 112, 160
sampling positions: 2, img_0953.jpg, 136, 376
sampling positions: 3, img_0954.jpg, 232, 728
sampling positions: 4, img_0963.jpg, 280, 80
sampling positions: 5, img_0970.jpg, 352, 200
sampling positions: 6, img_0973.jpg, 136, 392
sampling positions: 7, img_0975.jpg, 8, 0
sampling positions: 8, img_0982.jpg, 104, 184
sampling positions: 9, img_0985.jpg, 216, 336
sampling positions: 10, img_0988.jpg, 264, 656
sampling positions: 11, img_0989.jpg, 64, 720
sampling positions: 12, img_0991.jpg, 160, 176
sampling positions: 13, img_0996.jpg, 56, 168
sampling positions: 14, img_0998.jpg, 288, 664
sampling positions: 15, img_1006.jpg, 56, 48
sampling positions: 16, img_1019.jpg, 56, 176
sampling positions: 17, img_1021.jpg, 312, 48
sampling positions: 18, img_1024.jpg, 80, 192
sampling positions: 19, img_1041.jpg, 72, 712
sampling positions: 20, img_1043.jpg, 40, 256
sampling positions: 21, img_1049.jpg, 120, 640
sampling positions: 22, img_1050.jpg, 32, 584
sampling positions: 23, img_1051.jpg, 208, 416
sampling positions: 24, img_1054.jpg, 288, 496
sampling positions: 25, img_1062.jpg, 224, 520
sampling positions: 26, img_1063.jpg, 328, 584
sampling positions: 27, img_1064.jpg, 240, 352
sampling positions: 28, img_1066.jpg, 104, 504
sampling positions: 29, img_1069.jpg, 336, 632
sampling positions: 30, img_1083.jpg, 128, 448
sampling positions: 31, img_1088.jpg, 224, 408
sampling positions: 0, img_0001.jpg, 456, 8
sampling positions: 1, img_0002.jpg, 136, 296
sampling positions: 2, img_0010.jpg, 312, 160
sampling positions: 3, img_0020.jpg, 296, 408
sampling positions: 4, img_0023.jpg, 64, 584
sampling positions: 5, img_0024.jpg, 288, 528
sampling positions: 6, img_0026.jpg, 120, 200
sampling positions: 7, img_0030.jpg, 48, 224
sampling positions: 8, img_0031.jpg, 160, 504
sampling positions: 9, img_0032.jpg, 312, 400
sampling positions: 10, img_0034.jpg, 16, 528
sampling positions: 11, img_0035.jpg, 344, 504
sampling positions: 12, img_0037.jpg, 192, 128
sampling positions: 13, img_0041.jpg, 336, 648
sampling positions: 14, img_0044.jpg, 200, 304
sampling positions: 15, img_0046.jpg, 120, 584
sampling positions: 16, img_0061.jpg, 368, 80
sampling positions: 17, img_0062.jpg, 216, 152
sampling positions: 18, img_0069.jpg, 240, 424
sampling positions: 19, img_0072.jpg, 432, 40
sampling positions: 20, img_0074.jpg, 296, 472
sampling positions: 21, img_0080.jpg, 8, 608
sampling positions: 22, img_0086.jpg, 192, 712
sampling positions: 23, img_0087.jpg, 72, 136
sampling positions: 24, img_0092.jpg, 320, 272
sampling positions: 25, img_0096.jpg, 352, 728
sampling positions: 26, img_0098.jpg, 440, 96
sampling positions: 27, img_0108.jpg, 352, 0
sampling positions: 28, img_0122.jpg, 232, 616
sampling positions: 29, img_0123.jpg, 400, 456
sampling positions: 30, img_0124.jpg, 8, 760
sampling positions: 31, img_0130.jpg, 136, 392
sampling positions: 0, img_0137.jpg, 352, 72
sampling positions: 1, img_0138.jpg, 376, 352
sampling positions: 2, img_0141.jpg, 304, 648
sampling positions: 3, img_0142.jpg, 304, 64
sampling positions: 4, img_0144.jpg, 176, 400
sampling positions: 5, img_0148.jpg, 272, 632
sampling positions: 6, img_0149.jpg, 88, 176
sampling positions: 7, img_0150.jpg, 240, 80
sampling positions: 8, img_0151.jpg, 232, 168
sampling positions: 9, img_0152.jpg, 344, 152
sampling positions: 10, img_0153.jpg, 440, 600
sampling positions: 11, img_0154.jpg, 272, 128
sampling positions: 12, img_0155.jpg, 424, 672
sampling positions: 13, img_0160.jpg, 16, 648
sampling positions: 14, img_0161.jpg, 400, 504
sampling positions: 15, img_0165.jpg, 248, 328
sampling positions: 16, img_0171.jpg, 304, 720
sampling positions: 17, img_0172.jpg, 112, 304
sampling positions: 18, img_0174.jpg, 368, 376
sampling positions: 19, img_0175.jpg, 144, 184
sampling positions: 20, img_0179.jpg, 40, 720
sampling positions: 21, img_0180.jpg, 192, 728
sampling positions: 22, img_0185.jpg, 272, 720
sampling positions: 23, img_0186.jpg, 240, 360
sampling positions: 24, img_0189.jpg, 112, 184
sampling positions: 25, img_0193.jpg, 392, 760
sampling positions: 26, img_0206.jpg, 304, 488
sampling positions: 27, img_0207.jpg, 8, 728
sampling positions: 28, img_0213.jpg, 240, 704
sampling positions: 29, img_0221.jpg, 296, 200
sampling positions: 30, img_0222.jpg, 80, 176
sampling positions: 31, img_0224.jpg, 248, 728
sampling positions: 0, img_0232.jpg, 200, 232
sampling positions: 1, img_0237.jpg, 544, 736
sampling positions: 2, img_0239.jpg, 40, 312
sampling positions: 3, img_0242.jpg, 296, 640
sampling positions: 4, img_0259.jpg, 232, 592
sampling positions: 5, img_0261.jpg, 424, 80
sampling positions: 6, img_0266.jpg, 72, 16
sampling positions: 7, img_0269.jpg, 280, 384
sampling positions: 8, img_0270.jpg, 240, 376
sampling positions: 9, img_0276.jpg, 416, 456
sampling positions: 10, img_0278.jpg, 88, 504
sampling positions: 11, img_0280.jpg, 336, 200
sampling positions: 12, img_0284.jpg, 48, 648
sampling positions: 13, img_0288.jpg, 384, 544
sampling positions: 14, img_0291.jpg, 40, 208
sampling positions: 15, img_0294.jpg, 272, 584
sampling positions: 16, img_0300.jpg, 176, 56
sampling positions: 17, img_0316.jpg, 24, 616
sampling positions: 18, img_0323.jpg, 288, 144
sampling positions: 19, img_0325.jpg, 200, 672
sampling positions: 20, img_0348.jpg, 440, 424
sampling positions: 21, img_0360.jpg, 232, 784
sampling positions: 22, img_0361.jpg, 152, 616
sampling positions: 23, img_0364.jpg, 144, 272
sampling positions: 24, img_0375.jpg, 352, 776
sampling positions: 25, img_0379.jpg, 32, 784
sampling positions: 26, img_0382.jpg, 152, 336
sampling positions: 27, img_0384.jpg, 248, 64
sampling positions: 28, img_0386.jpg, 96, 176
sampling positions: 29, img_0389.jpg, 248, 240
sampling positions: 30, img_0390.jpg, 312, 728
sampling positions: 31, img_0391.jpg, 104, 320
sampling positions: 0, img_0401.jpg, 440, 80
sampling positions: 1, img_0403.jpg, 456, 80
sampling positions: 2, img_0407.jpg, 528, 96
sampling positions: 3, img_0415.jpg, 136, 208
sampling positions: 4, img_0418.jpg, 416, 584
sampling positions: 5, img_0428.jpg, 56, 216
sampling positions: 6, img_0430.jpg, 376, 280
sampling positions: 7, img_0432.jpg, 184, 80
sampling positions: 8, img_0435.jpg, 504, 520
sampling positions: 9, img_0436.jpg, 120, 336
sampling positions: 10, img_0437.jpg, 336, 320
sampling positions: 11, img_0438.jpg, 296, 528
sampling positions: 12, img_0468.jpg, 200, 536
sampling positions: 13, img_0471.jpg, 296, 512
sampling positions: 14, img_0472.jpg, 392, 152
sampling positions: 15, img_0479.jpg, 264, 616
sampling positions: 16, img_0489.jpg, 104, 432
sampling positions: 17, img_0495.jpg, 56, 376
sampling positions: 18, img_0496.jpg, 64, 536
sampling positions: 19, img_0498.jpg, 272, 296
sampling positions: 20, img_0505.jpg, 264, 80
sampling positions: 21, img_0511.jpg, 264, 136
sampling positions: 22, img_0521.jpg, 104, 512
sampling positions: 23, img_0523.jpg, 8, 408
sampling positions: 24, img_0524.jpg, 136, 552
sampling positions: 25, img_0527.jpg, 88, 728
sampling positions: 26, img_0529.jpg, 120, 560
sampling positions: 27, img_0552.jpg, 64, 232
sampling positions: 28, img_0553.jpg, 296, 312
sampling positions: 29, img_0570.jpg, 312, 32
sampling positions: 30, img_0574.jpg, 160, 104
sampling positions: 31, img_0578.jpg, 352, 360
sampling positions: 0, img_0592.jpg, 128, 328
sampling positions: 1, img_0596.jpg, 440, 360
sampling positions: 2, img_0601.jpg, 456, 568
sampling positions: 3, img_0603.jpg, 616, 144
sampling positions: 4, img_0607.jpg, 768, 432
sampling positions: 5, img_0617.jpg, 408, 48
sampling positions: 6, img_0622.jpg, 104, 48
sampling positions: 7, img_0623.jpg, 48, 792
sampling positions: 8, img_0636.jpg, 400, 592
sampling positions: 9, img_0637.jpg, 232, 304
sampling positions: 10, img_0638.jpg, 384, 320
sampling positions: 11, img_0639.jpg, 184, 272
sampling positions: 12, img_0646.jpg, 280, 504
sampling positions: 13, img_0654.jpg, 120, 64
sampling positions: 14, img_0669.jpg, 248, 184
sampling positions: 15, img_0670.jpg, 328, 704
sampling positions: 16, img_0674.jpg, 152, 328
sampling positions: 17, img_0677.jpg, 104, 368
sampling positions: 18, img_0678.jpg, 376, 744
sampling positions: 19, img_0682.jpg, 128, 688
sampling positions: 20, img_0690.jpg, 128, 384
sampling positions: 21, img_0700.jpg, 392, 120
sampling positions: 22, img_0702.jpg, 280, 144
sampling positions: 23, img_0721.jpg, 288, 472
sampling positions: 24, img_0733.jpg, 416, 208
sampling positions: 25, img_0742.jpg, 304, 560
sampling positions: 26, img_0754.jpg, 8, 632
sampling positions: 27, img_0756.jpg, 144, 456
sampling positions: 28, img_0762.jpg, 232, 480
sampling positions: 29, img_0769.jpg, 208, 128
sampling positions: 30, img_0777.jpg, 320, 240
sampling positions: 31, img_0784.jpg, 376, 680
sampling positions: 0, img_0786.jpg, 72, 496
sampling positions: 1, img_0791.jpg, 416, 752
sampling positions: 2, img_0792.jpg, 80, 288
sampling positions: 3, img_0796.jpg, 64, 96
sampling positions: 4, img_0803.jpg, 256, 144
sampling positions: 5, img_0808.jpg, 88, 168
sampling positions: 6, img_0809.jpg, 232, 704
sampling positions: 7, img_0812.jpg, 336, 144
sampling positions: 8, img_0814.jpg, 32, 128
sampling positions: 9, img_0821.jpg, 48, 592
sampling positions: 10, img_0834.jpg, 168, 272
sampling positions: 11, img_0840.jpg, 352, 32
sampling positions: 12, img_0843.jpg, 104, 128
sampling positions: 13, img_0853.jpg, 224, 48
sampling positions: 14, img_0855.jpg, 248, 272
sampling positions: 15, img_0859.jpg, 88, 536
sampling positions: 16, img_0860.jpg, 128, 392
sampling positions: 17, img_0862.jpg, 376, 520
sampling positions: 18, img_0864.jpg, 352, 232
sampling positions: 19, img_0903.jpg, 16, 128
sampling positions: 20, img_0905.jpg, 232, 344
sampling positions: 21, img_0906.jpg, 248, 112
sampling positions: 22, img_0913.jpg, 112, 648
sampling positions: 23, img_0915.jpg, 176, 344
sampling positions: 24, img_0917.jpg, 264, 216
sampling positions: 25, img_0923.jpg, 424, 664
sampling positions: 26, img_0926.jpg, 448, 384
sampling positions: 27, img_0927.jpg, 408, 392
sampling positions: 28, img_0928.jpg, 144, 224
sampling positions: 29, img_0929.jpg, 400, 752
sampling positions: 30, img_0937.jpg, 184, 624
sampling positions: 31, img_0938.jpg, 8, 424
sampling positions: 0, img_0948.jpg, 432, 72
sampling positions: 1, img_0951.jpg, 168, 464
sampling positions: 2, img_0953.jpg, 392, 328
sampling positions: 3, img_0954.jpg, 272, 16
sampling positions: 4, img_0963.jpg, 176, 752
sampling positions: 5, img_0970.jpg, 392, 72
sampling positions: 6, img_0973.jpg, 280, 792
sampling positions: 7, img_0975.jpg, 96, 488
sampling positions: 8, img_0982.jpg, 344, 176
sampling positions: 9, img_0985.jpg, 304, 688
sampling positions: 10, img_0988.jpg, 88, 296
sampling positions: 11, img_0989.jpg, 416, 120
sampling positions: 12, img_0991.jpg, 8, 376
sampling positions: 13, img_0996.jpg, 536, 600
sampling positions: 14, img_0998.jpg, 16, 56
sampling positions: 15, img_1006.jpg, 24, 368
sampling positions: 16, img_1019.jpg, 248, 384
sampling positions: 17, img_1021.jpg, 96, 560
sampling positions: 18, img_1024.jpg, 288, 664
sampling positions: 19, img_1041.jpg, 232, 336
sampling positions: 20, img_1043.jpg, 296, 720
sampling positions: 21, img_1049.jpg, 104, 80
sampling positions: 22, img_1050.jpg, 296, 408
sampling positions: 23, img_1051.jpg, 312, 344
sampling positions: 24, img_1054.jpg, 80, 424
sampling positions: 25, img_1062.jpg, 80, 104
sampling positions: 26, img_1063.jpg, 208, 760
sampling positions: 27, img_1064.jpg, 320, 320
sampling positions: 28, img_1066.jpg, 208, 456
sampling positions: 29, img_1069.jpg, 48, 688
sampling positions: 30, img_1083.jpg, 208, 72
sampling positions: 31, img_1088.jpg, 64, 280
sampling positions: 0, img_0001.jpg, 136, 264
sampling positions: 1, img_0002.jpg, 200, 424
sampling positions: 2, img_0010.jpg, 336, 528
sampling positions: 3, img_0020.jpg, 88, 512
sampling positions: 4, img_0023.jpg, 144, 688
sampling positions: 5, img_0024.jpg, 40, 416
sampling positions: 6, img_0026.jpg, 328, 64
sampling positions: 7, img_0030.jpg, 240, 112
sampling positions: 8, img_0031.jpg, 24, 312
sampling positions: 9, img_0032.jpg, 272, 344
sampling positions: 10, img_0034.jpg, 312, 216
sampling positions: 11, img_0035.jpg, 224, 272
sampling positions: 12, img_0037.jpg, 488, 104
sampling positions: 13, img_0041.jpg, 408, 280
sampling positions: 14, img_0044.jpg, 16, 504
sampling positions: 15, img_0046.jpg, 104, 368
sampling positions: 16, img_0061.jpg, 376, 144
sampling positions: 17, img_0062.jpg, 24, 328
sampling positions: 18, img_0069.jpg, 440, 696
sampling positions: 19, img_0072.jpg, 40, 512
sampling positions: 20, img_0074.jpg, 128, 232
sampling positions: 21, img_0080.jpg, 408, 752
sampling positions: 22, img_0086.jpg, 456, 576
sampling positions: 23, img_0087.jpg, 64, 408
sampling positions: 24, img_0092.jpg, 32, 368
sampling positions: 25, img_0096.jpg, 32, 472
sampling positions: 26, img_0098.jpg, 256, 24
sampling positions: 27, img_0108.jpg, 472, 384
sampling positions: 28, img_0122.jpg, 104, 56
sampling positions: 29, img_0123.jpg, 432, 672
sampling positions: 30, img_0124.jpg, 56, 152
sampling positions: 31, img_0130.jpg, 536, 672
sampling positions: 0, img_0137.jpg, 552, 40
sampling positions: 1, img_0138.jpg, 64, 488
sampling positions: 2, img_0141.jpg, 24, 568
sampling positions: 3, img_0142.jpg, 48, 600
sampling positions: 4, img_0144.jpg, 248, 368
sampling positions: 5, img_0148.jpg, 136, 448
sampling positions: 6, img_0149.jpg, 272, 488
sampling positions: 7, img_0150.jpg, 216, 488
sampling positions: 8, img_0151.jpg, 440, 296
sampling positions: 9, img_0152.jpg, 312, 528
sampling positions: 10, img_0153.jpg, 240, 576
sampling positions: 11, img_0154.jpg, 264, 752
sampling positions: 12, img_0155.jpg, 0, 768
sampling positions: 13, img_0160.jpg, 144, 616
sampling positions: 14, img_0161.jpg, 424, 528
sampling positions: 15, img_0165.jpg, 424, 104
sampling positions: 16, img_0171.jpg, 320, 328
sampling positions: 17, img_0172.jpg, 408, 448
sampling positions: 18, img_0174.jpg, 240, 200
sampling positions: 19, img_0175.jpg, 192, 224
sampling positions: 20, img_0179.jpg, 144, 704
sampling positions: 21, img_0180.jpg, 168, 224
sampling positions: 22, img_0185.jpg, 120, 776
sampling positions: 23, img_0186.jpg, 80, 456
sampling positions: 24, img_0189.jpg, 448, 592
sampling positions: 25, img_0193.jpg, 80, 176
sampling positions: 26, img_0206.jpg, 240, 520
sampling positions: 27, img_0207.jpg, 112, 432
sampling positions: 28, img_0213.jpg, 248, 232
sampling positions: 29, img_0221.jpg, 288, 752
sampling positions: 30, img_0222.jpg, 80, 144
sampling positions: 31, img_0224.jpg, 256, 176
sampling positions: 0, img_0232.jpg, 72, 24
sampling positions: 1, img_0237.jpg, 104, 416
sampling positions: 2, img_0239.jpg, 328, 208
sampling positions: 3, img_0242.jpg, 120, 400
sampling positions: 4, img_0259.jpg, 288, 704
sampling positions: 5, img_0261.jpg, 304, 168
sampling positions: 6, img_0266.jpg, 16, 360
sampling positions: 7, img_0269.jpg, 152, 360
sampling positions: 8, img_0270.jpg, 24, 192
sampling positions: 9, img_0276.jpg, 112, 520
sampling positions: 10, img_0278.jpg, 336, 456
sampling positions: 11, img_0280.jpg, 304, 208
sampling positions: 12, img_0284.jpg, 520, 504
sampling positions: 13, img_0288.jpg, 136, 424
sampling positions: 14, img_0291.jpg, 40, 600
sampling positions: 15, img_0294.jpg, 224, 368
sampling positions: 16, img_0300.jpg, 344, 184
sampling positions: 17, img_0316.jpg, 80, 280
sampling positions: 18, img_0323.jpg, 200, 56
sampling positions: 19, img_0325.jpg, 112, 120
sampling positions: 20, img_0348.jpg, 368, 352
sampling positions: 21, img_0360.jpg, 176, 656
sampling positions: 22, img_0361.jpg, 312, 88
sampling positions: 23, img_0364.jpg, 24, 504
sampling positions: 24, img_0375.jpg, 104, 224
sampling positions: 25, img_0379.jpg, 168, 560
sampling positions: 26, img_0382.jpg, 224, 768
sampling positions: 27, img_0384.jpg, 160, 280
sampling positions: 28, img_0386.jpg, 160, 464
sampling positions: 29, img_0389.jpg, 312, 344
sampling positions: 30, img_0390.jpg, 304, 704
sampling positions: 31, img_0391.jpg, 72, 320
sampling positions: 0, img_0401.jpg, 232, 768
sampling positions: 1, img_0403.jpg, 96, 440
sampling positions: 2, img_0407.jpg, 224, 768
sampling positions: 3, img_0415.jpg, 312, 552
sampling positions: 4, img_0418.jpg, 496, 200
sampling positions: 5, img_0428.jpg, 96, 104
sampling positions: 6, img_0430.jpg, 328, 232
sampling positions: 7, img_0432.jpg, 48, 360
sampling positions: 8, img_0435.jpg, 256, 528
sampling positions: 9, img_0436.jpg, 160, 504
sampling positions: 10, img_0437.jpg, 440, 520
sampling positions: 11, img_0438.jpg, 440, 144
sampling positions: 12, img_0468.jpg, 336, 504
sampling positions: 13, img_0471.jpg, 376, 304
sampling positions: 14, img_0472.jpg, 232, 504
sampling positions: 15, img_0479.jpg, 384, 512
sampling positions: 16, img_0489.jpg, 176, 16
sampling positions: 17, img_0495.jpg, 8, 184
sampling positions: 18, img_0496.jpg, 352, 600
sampling positions: 19, img_0498.jpg, 160, 288
sampling positions: 20, img_0505.jpg, 216, 272
sampling positions: 21, img_0511.jpg, 256, 328
sampling positions: 22, img_0521.jpg, 16, 32
sampling positions: 23, img_0523.jpg, 16, 72
sampling positions: 24, img_0524.jpg, 88, 368
sampling positions: 25, img_0527.jpg, 48, 0
sampling positions: 26, img_0529.jpg, 152, 248
sampling positions: 27, img_0552.jpg, 240, 256
sampling positions: 28, img_0553.jpg, 328, 432
sampling positions: 29, img_0570.jpg, 216, 568
sampling positions: 30, img_0574.jpg, 32, 496
sampling positions: 31, img_0578.jpg, 256, 168
sampling positions: 0, img_0592.jpg, 40, 376
sampling positions: 1, img_0596.jpg, 440, 344
sampling positions: 2, img_0601.jpg, 128, 120
sampling positions: 3, img_0603.jpg, 792, 24
sampling positions: 4, img_0607.jpg, 720, 56
sampling positions: 5, img_0617.jpg, 120, 40
sampling positions: 6, img_0622.jpg, 152, 384
sampling positions: 7, img_0623.jpg, 328, 520
sampling positions: 8, img_0636.jpg, 560, 584
sampling positions: 9, img_0637.jpg, 96, 56
sampling positions: 10, img_0638.jpg, 32, 280
sampling positions: 11, img_0639.jpg, 256, 120
sampling positions: 12, img_0646.jpg, 104, 312
sampling positions: 13, img_0654.jpg, 192, 448
sampling positions: 14, img_0669.jpg, 336, 128
sampling positions: 15, img_0670.jpg, 24, 160
sampling positions: 16, img_0674.jpg, 232, 600
sampling positions: 17, img_0677.jpg, 352, 72
sampling positions: 18, img_0678.jpg, 272, 720
sampling positions: 19, img_0682.jpg, 376, 480
sampling positions: 20, img_0690.jpg, 96, 240
sampling positions: 21, img_0700.jpg, 296, 680
sampling positions: 22, img_0702.jpg, 200, 728
sampling positions: 23, img_0721.jpg, 80, 240
sampling positions: 24, img_0733.jpg, 440, 568
sampling positions: 25, img_0742.jpg, 464, 616
sampling positions: 26, img_0754.jpg, 104, 776
sampling positions: 27, img_0756.jpg, 328, 544
sampling positions: 28, img_0762.jpg, 448, 168
sampling positions: 29, img_0769.jpg, 0, 136
sampling positions: 30, img_0777.jpg, 408, 664
sampling positions: 31, img_0784.jpg, 128, 152
sampling positions: 0, img_0786.jpg, 112, 80
sampling positions: 1, img_0791.jpg, 16, 312
sampling positions: 2, img_0792.jpg, 32, 256
sampling positions: 3, img_0796.jpg, 136, 480
sampling positions: 4, img_0803.jpg, 200, 40
sampling positions: 5, img_0808.jpg, 112, 312
sampling positions: 6, img_0809.jpg, 64, 792
sampling positions: 7, img_0812.jpg, 104, 96
sampling positions: 8, img_0814.jpg, 32, 280
sampling positions: 9, img_0821.jpg, 8, 592
sampling positions: 10, img_0834.jpg, 192, 392
sampling positions: 11, img_0840.jpg, 432, 200
sampling positions: 12, img_0843.jpg, 184, 616
sampling positions: 13, img_0853.jpg, 88, 752
sampling positions: 14, img_0855.jpg, 40, 144
sampling positions: 15, img_0859.jpg, 8, 120
sampling positions: 16, img_0860.jpg, 408, 24
sampling positions: 17, img_0862.jpg, 160, 168
sampling positions: 18, img_0864.jpg, 152, 552
sampling positions: 19, img_0903.jpg, 448, 72
sampling positions: 20, img_0905.jpg, 8, 144
sampling positions: 21, img_0906.jpg, 264, 296
sampling positions: 22, img_0913.jpg, 520, 368
sampling positions: 23, img_0915.jpg, 264, 360
sampling positions: 24, img_0917.jpg, 296, 416
sampling positions: 25, img_0923.jpg, 288, 184
sampling positions: 26, img_0926.jpg, 24, 344
sampling positions: 27, img_0927.jpg, 256, 504
sampling positions: 28, img_0928.jpg, 344, 488
sampling positions: 29, img_0929.jpg, 456, 688
sampling positions: 30, img_0937.jpg, 216, 48
sampling positions: 31, img_0938.jpg, 168, 328
sampling positions: 0, img_0948.jpg, 224, 632
sampling positions: 1, img_0951.jpg, 424, 8
sampling positions: 2, img_0953.jpg, 256, 136
sampling positions: 3, img_0954.jpg, 160, 496
sampling positions: 4, img_0963.jpg, 368, 328
sampling positions: 5, img_0970.jpg, 8, 752
sampling positions: 6, img_0973.jpg, 80, 192
sampling positions: 7, img_0975.jpg, 152, 592
sampling positions: 8, img_0982.jpg, 408, 24
sampling positions: 9, img_0985.jpg, 168, 32
sampling positions: 10, img_0988.jpg, 208, 80
sampling positions: 11, img_0989.jpg, 368, 496
sampling positions: 12, img_0991.jpg, 168, 224
sampling positions: 13, img_0996.jpg, 96, 464
sampling positions: 14, img_0998.jpg, 304, 192
sampling positions: 15, img_1006.jpg, 88, 328
sampling positions: 16, img_1019.jpg, 72, 328
sampling positions: 17, img_1021.jpg, 152, 192
sampling positions: 18, img_1024.jpg, 264, 608
sampling positions: 19, img_1041.jpg, 24, 584
sampling positions: 20, img_1043.jpg, 56, 144
sampling positions: 21, img_1049.jpg, 216, 400
sampling positions: 22, img_1050.jpg, 216, 576
sampling positions: 23, img_1051.jpg, 336, 296
sampling positions: 24, img_1054.jpg, 120, 592
sampling positions: 25, img_1062.jpg, 232, 176
sampling positions: 26, img_1063.jpg, 40, 232
sampling positions: 27, img_1064.jpg, 200, 456
sampling positions: 28, img_1066.jpg, 48, 192
sampling positions: 29, img_1069.jpg, 240, 384
sampling positions: 30, img_1083.jpg, 72, 784
sampling positions: 31, img_1088.jpg, 56, 568
sampling positions: 0, img_0001.jpg, 440, 696
sampling positions: 1, img_0002.jpg, 288, 656
sampling positions: 2, img_0010.jpg, 400, 288
sampling positions: 3, img_0020.jpg, 208, 320
sampling positions: 4, img_0023.jpg, 112, 368
sampling positions: 5, img_0024.jpg, 120, 560
sampling positions: 6, img_0026.jpg, 248, 240
sampling positions: 7, img_0030.jpg, 72, 792
sampling positions: 8, img_0031.jpg, 80, 376
sampling positions: 9, img_0032.jpg, 72, 576
sampling positions: 10, img_0034.jpg, 64, 72
sampling positions: 11, img_0035.jpg, 360, 256
sampling positions: 12, img_0037.jpg, 200, 48
sampling positions: 13, img_0041.jpg, 304, 0
sampling positions: 14, img_0044.jpg, 48, 232
sampling positions: 15, img_0046.jpg, 528, 344
sampling positions: 16, img_0061.jpg, 440, 264
sampling positions: 17, img_0062.jpg, 280, 16
sampling positions: 18, img_0069.jpg, 144, 336
sampling positions: 19, img_0072.jpg, 360, 360
sampling positions: 20, img_0074.jpg, 72, 504
sampling positions: 21, img_0080.jpg, 152, 112
sampling positions: 22, img_0086.jpg, 400, 520
sampling positions: 23, img_0087.jpg, 640, 64
sampling positions: 24, img_0092.jpg, 320, 256
sampling positions: 25, img_0096.jpg, 72, 120
sampling positions: 26, img_0098.jpg, 336, 680
sampling positions: 27, img_0108.jpg, 216, 344
sampling positions: 28, img_0122.jpg, 304, 696
sampling positions: 29, img_0123.jpg, 312, 584
sampling positions: 30, img_0124.jpg, 192, 64
sampling positions: 31, img_0130.jpg, 376, 104
sampling positions: 0, img_0137.jpg, 360, 48
sampling positions: 1, img_0138.jpg, 72, 104
sampling positions: 2, img_0141.jpg, 232, 576
sampling positions: 3, img_0142.jpg, 328, 720
sampling positions: 4, img_0144.jpg, 160, 320
sampling positions: 5, img_0148.jpg, 312, 88
sampling positions: 6, img_0149.jpg, 344, 552
sampling positions: 7, img_0150.jpg, 0, 160
sampling positions: 8, img_0151.jpg, 48, 344
sampling positions: 9, img_0152.jpg, 264, 8
sampling positions: 10, img_0153.jpg, 112, 312
sampling positions: 11, img_0154.jpg, 128, 280
sampling positions: 12, img_0155.jpg, 8, 112
sampling positions: 13, img_0160.jpg, 176, 584
sampling positions: 14, img_0161.jpg, 176, 448
sampling positions: 15, img_0165.jpg, 432, 40
sampling positions: 16, img_0171.jpg, 280, 528
sampling positions: 17, img_0172.jpg, 24, 512
sampling positions: 18, img_0174.jpg, 200, 304
sampling positions: 19, img_0175.jpg, 32, 568
sampling positions: 20, img_0179.jpg, 448, 32
sampling positions: 21, img_0180.jpg, 344, 136
sampling positions: 22, img_0185.jpg, 272, 560
sampling positions: 23, img_0186.jpg, 72, 176
sampling positions: 24, img_0189.jpg, 176, 424
sampling positions: 25, img_0193.jpg, 208, 144
sampling positions: 26, img_0206.jpg, 96, 744
sampling positions: 27, img_0207.jpg, 176, 736
sampling positions: 28, img_0213.jpg, 152, 744
sampling positions: 29, img_0221.jpg, 64, 8
sampling positions: 30, img_0222.jpg, 56, 160
sampling positions: 31, img_0224.jpg, 80, 200
sampling positions: 0, img_0232.jpg, 24, 312
sampling positions: 1, img_0237.jpg, 280, 200
sampling positions: 2, img_0239.jpg, 440, 344
sampling positions: 3, img_0242.jpg, 24, 424
sampling positions: 4, img_0259.jpg, 280, 80
sampling positions: 5, img_0261.jpg, 96, 192
sampling positions: 6, img_0266.jpg, 88, 552
sampling positions: 7, img_0269.jpg, 384, 328
sampling positions: 8, img_0270.jpg, 480, 104
sampling positions: 9, img_0276.jpg, 80, 144
sampling positions: 10, img_0278.jpg, 328, 584
sampling positions: 11, img_0280.jpg, 32, 768
sampling positions: 12, img_0284.jpg, 400, 768
sampling positions: 13, img_0288.jpg, 24, 400
sampling positions: 14, img_0291.jpg, 128, 504
sampling positions: 15, img_0294.jpg, 440, 72
sampling positions: 16, img_0300.jpg, 176, 184
sampling positions: 17, img_0316.jpg, 8, 392
sampling positions: 18, img_0323.jpg, 152, 192
sampling positions: 19, img_0325.jpg, 0, 320
sampling positions: 20, img_0348.jpg, 400, 664
sampling positions: 21, img_0360.jpg, 24, 336
sampling positions: 22, img_0361.jpg, 424, 280
sampling positions: 23, img_0364.jpg, 368, 48
sampling positions: 24, img_0375.jpg, 96, 440
sampling positions: 25, img_0379.jpg, 80, 608
sampling positions: 26, img_0382.jpg, 344, 56
sampling positions: 27, img_0384.jpg, 120, 488
sampling positions: 28, img_0386.jpg, 88, 512
sampling positions: 29, img_0389.jpg, 328, 656
sampling positions: 30, img_0390.jpg, 96, 152
sampling positions: 31, img_0391.jpg, 168, 488
sampling positions: 0, img_0401.jpg, 96, 120
sampling positions: 1, img_0403.jpg, 480, 248
sampling positions: 2, img_0407.jpg, 464, 656
sampling positions: 3, img_0415.jpg, 184, 672
sampling positions: 4, img_0418.jpg, 456, 600
sampling positions: 5, img_0428.jpg, 64, 160
sampling positions: 6, img_0430.jpg, 288, 432
sampling positions: 7, img_0432.jpg, 16, 80
sampling positions: 8, img_0435.jpg, 248, 440
sampling positions: 9, img_0436.jpg, 184, 72
sampling positions: 10, img_0437.jpg, 104, 48
sampling positions: 11, img_0438.jpg, 56, 0
sampling positions: 12, img_0468.jpg, 696, 528
sampling positions: 13, img_0471.jpg, 400, 720
sampling positions: 14, img_0472.jpg, 224, 648
sampling positions: 15, img_0479.jpg, 96, 728
sampling positions: 16, img_0489.jpg, 392, 192
sampling positions: 17, img_0495.jpg, 224, 264
sampling positions: 18, img_0496.jpg, 112, 240
sampling positions: 19, img_0498.jpg, 464, 152
sampling positions: 20, img_0505.jpg, 80, 0
sampling positions: 21, img_0511.jpg, 216, 736
sampling positions: 22, img_0521.jpg, 432, 392
sampling positions: 23, img_0523.jpg, 0, 552
sampling positions: 24, img_0524.jpg, 144, 272
sampling positions: 25, img_0527.jpg, 88, 120
sampling positions: 26, img_0529.jpg, 144, 520
sampling positions: 27, img_0552.jpg, 64, 184
sampling positions: 28, img_0553.jpg, 320, 464
sampling positions: 29, img_0570.jpg, 344, 592
sampling positions: 30, img_0574.jpg, 176, 216
sampling positions: 31, img_0578.jpg, 416, 616
sampling positions: 0, img_0592.jpg, 48, 224
sampling positions: 1, img_0596.jpg, 168, 712
sampling positions: 2, img_0601.jpg, 136, 296
sampling positions: 3, img_0603.jpg, 176, 176
sampling positions: 4, img_0607.jpg, 216, 368
sampling positions: 5, img_0617.jpg, 240, 64
sampling positions: 6, img_0622.jpg, 208, 304
sampling positions: 7, img_0623.jpg, 320, 648
sampling positions: 8, img_0636.jpg, 128, 664
sampling positions: 9, img_0637.jpg, 80, 392
sampling positions: 10, img_0638.jpg, 464, 272
sampling positions: 11, img_0639.jpg, 120, 264
sampling positions: 12, img_0646.jpg, 184, 360
sampling positions: 13, img_0654.jpg, 256, 456
sampling positions: 14, img_0669.jpg, 304, 136
sampling positions: 15, img_0670.jpg, 208, 176
sampling positions: 16, img_0674.jpg, 432, 448
sampling positions: 17, img_0677.jpg, 272, 760
sampling positions: 18, img_0678.jpg, 264, 400
sampling positions: 19, img_0682.jpg, 16, 288
sampling positions: 20, img_0690.jpg, 328, 136
sampling positions: 21, img_0700.jpg, 8, 568
sampling positions: 22, img_0702.jpg, 24, 760
sampling positions: 23, img_0721.jpg, 104, 600
sampling positions: 24, img_0733.jpg, 168, 344
sampling positions: 25, img_0742.jpg, 536, 664
sampling positions: 26, img_0754.jpg, 120, 8
sampling positions: 27, img_0756.jpg, 448, 56
sampling positions: 28, img_0762.jpg, 304, 792
sampling positions: 29, img_0769.jpg, 344, 696
sampling positions: 30, img_0777.jpg, 400, 368
sampling positions: 31, img_0784.jpg, 384, 248
sampling positions: 0, img_0786.jpg, 408, 248
sampling positions: 1, img_0791.jpg, 184, 16
sampling positions: 2, img_0792.jpg, 16, 280
sampling positions: 3, img_0796.jpg, 384, 672
sampling positions: 4, img_0803.jpg, 264, 16
sampling positions: 5, img_0808.jpg, 376, 672
sampling positions: 6, img_0809.jpg, 352, 536
sampling positions: 7, img_0812.jpg, 192, 432
sampling positions: 8, img_0814.jpg, 408, 504
sampling positions: 9, img_0821.jpg, 200, 472
sampling positions: 10, img_0834.jpg, 408, 304
sampling positions: 11, img_0840.jpg, 184, 176
sampling positions: 12, img_0843.jpg, 80, 544
sampling positions: 13, img_0853.jpg, 168, 664
sampling positions: 14, img_0855.jpg, 32, 728
sampling positions: 15, img_0859.jpg, 64, 704
sampling positions: 16, img_0860.jpg, 328, 680
sampling positions: 17, img_0862.jpg, 432, 768
sampling positions: 18, img_0864.jpg, 112, 528
sampling positions: 19, img_0903.jpg, 128, 328
sampling positions: 20, img_0905.jpg, 32, 112
sampling positions: 21, img_0906.jpg, 120, 80
sampling positions: 22, img_0913.jpg, 264, 56
sampling positions: 23, img_0915.jpg, 352, 528
sampling positions: 24, img_0917.jpg, 312, 376
sampling positions: 25, img_0923.jpg, 64, 392
sampling positions: 26, img_0926.jpg, 128, 216
sampling positions: 27, img_0927.jpg, 456, 144
sampling positions: 28, img_0928.jpg, 264, 552
sampling positions: 29, img_0929.jpg, 176, 280
sampling positions: 30, img_0937.jpg, 256, 192
sampling positions: 31, img_0938.jpg, 352, 520
sampling positions: 0, img_0948.jpg, 56, 720
sampling positions: 1, img_0951.jpg, 448, 408
sampling positions: 2, img_0953.jpg, 176, 0
sampling positions: 3, img_0954.jpg, 128, 336
sampling positions: 4, img_0963.jpg, 272, 472
sampling positions: 5, img_0970.jpg, 216, 248
sampling positions: 6, img_0973.jpg, 192, 664
sampling positions: 7, img_0975.jpg, 264, 312
sampling positions: 8, img_0982.jpg, 224, 24
sampling positions: 9, img_0985.jpg, 432, 432
sampling positions: 10, img_0988.jpg, 72, 776
sampling positions: 11, img_0989.jpg, 40, 416
sampling positions: 12, img_0991.jpg, 8, 368
sampling positions: 13, img_0996.jpg, 136, 632
sampling positions: 14, img_0998.jpg, 320, 712
sampling positions: 15, img_1006.jpg, 72, 456
sampling positions: 16, img_1019.jpg, 456, 400
sampling positions: 17, img_1021.jpg, 152, 480
sampling positions: 18, img_1024.jpg, 224, 56
sampling positions: 19, img_1041.jpg, 72, 696
sampling positions: 20, img_1043.jpg, 16, 648
sampling positions: 21, img_1049.jpg, 432, 648
sampling positions: 22, img_1050.jpg, 80, 472
sampling positions: 23, img_1051.jpg, 152, 40
sampling positions: 24, img_1054.jpg, 192, 296
sampling positions: 25, img_1062.jpg, 192, 376
sampling positions: 26, img_1063.jpg, 24, 704
sampling positions: 27, img_1064.jpg, 128, 176
sampling positions: 28, img_1066.jpg, 128, 232
sampling positions: 29, img_1069.jpg, 96, 672
sampling positions: 30, img_1083.jpg, 40, 184
sampling positions: 31, img_1088.jpg, 296, 552
sampling positions: 0, img_0001.jpg, 64, 608
sampling positions: 1, img_0002.jpg, 88, 8
sampling positions: 2, img_0010.jpg, 448, 648
sampling positions: 3, img_0020.jpg, 144, 712
sampling positions: 4, img_0023.jpg, 136, 72
sampling positions: 5, img_0024.jpg, 320, 424
sampling positions: 6, img_0026.jpg, 136, 32
sampling positions: 7, img_0030.jpg, 208, 288
sampling positions: 8, img_0031.jpg, 328, 168
sampling positions: 9, img_0032.jpg, 320, 216
sampling positions: 10, img_0034.jpg, 224, 544
sampling positions: 11, img_0035.jpg, 320, 256
sampling positions: 12, img_0037.jpg, 448, 176
sampling positions: 13, img_0041.jpg, 440, 496
sampling positions: 14, img_0044.jpg, 232, 568
sampling positions: 15, img_0046.jpg, 424, 592
sampling positions: 16, img_0061.jpg, 176, 344
sampling positions: 17, img_0062.jpg, 336, 352
sampling positions: 18, img_0069.jpg, 408, 184
sampling positions: 19, img_0072.jpg, 160, 568
sampling positions: 20, img_0074.jpg, 72, 352
sampling positions: 21, img_0080.jpg, 272, 720
sampling positions: 22, img_0086.jpg, 16, 56
sampling positions: 23, img_0087.jpg, 648, 64
sampling positions: 24, img_0092.jpg, 224, 248
sampling positions: 25, img_0096.jpg, 232, 120
sampling positions: 26, img_0098.jpg, 72, 296
sampling positions: 27, img_0108.jpg, 472, 96
sampling positions: 28, img_0122.jpg, 152, 504
sampling positions: 29, img_0123.jpg, 64, 128
sampling positions: 30, img_0124.jpg, 80, 32
sampling positions: 31, img_0130.jpg, 200, 200
sampling positions: 0, img_0137.jpg, 400, 56
sampling positions: 1, img_0138.jpg, 40, 464
sampling positions: 2, img_0141.jpg, 416, 456
sampling positions: 3, img_0142.jpg, 136, 256
sampling positions: 4, img_0144.jpg, 416, 528
sampling positions: 5, img_0148.jpg, 208, 544
sampling positions: 6, img_0149.jpg, 72, 288
sampling positions: 7, img_0150.jpg, 192, 576
sampling positions: 8, img_0151.jpg, 240, 136
sampling positions: 9, img_0152.jpg, 296, 640
sampling positions: 10, img_0153.jpg, 0, 640
sampling positions: 11, img_0154.jpg, 216, 64
sampling positions: 12, img_0155.jpg, 200, 432
sampling positions: 13, img_0160.jpg, 224, 424
sampling positions: 14, img_0161.jpg, 272, 576
sampling positions: 15, img_0165.jpg, 104, 320
sampling positions: 16, img_0171.jpg, 200, 592
sampling positions: 17, img_0172.jpg, 344, 664
sampling positions: 18, img_0174.jpg, 256, 664
sampling positions: 19, img_0175.jpg, 400, 104
sampling positions: 20, img_0179.jpg, 80, 192
sampling positions: 21, img_0180.jpg, 400, 8
sampling positions: 22, img_0185.jpg, 0, 48
sampling positions: 23, img_0186.jpg, 64, 352
sampling positions: 24, img_0189.jpg, 56, 592
sampling positions: 25, img_0193.jpg, 416, 24
sampling positions: 26, img_0206.jpg, 320, 248
sampling positions: 27, img_0207.jpg, 304, 48
sampling positions: 28, img_0213.jpg, 224, 352
sampling positions: 29, img_0221.jpg, 432, 64
sampling positions: 30, img_0222.jpg, 472, 312
sampling positions: 31, img_0224.jpg, 432, 480
sampling positions: 0, img_0232.jpg, 144, 696
sampling positions: 1, img_0237.jpg, 328, 792
sampling positions: 2, img_0239.jpg, 472, 368
sampling positions: 3, img_0242.jpg, 224, 176
sampling positions: 4, img_0259.jpg, 40, 40
sampling positions: 5, img_0261.jpg, 480, 448
sampling positions: 6, img_0266.jpg, 136, 760
sampling positions: 7, img_0269.jpg, 120, 264
sampling positions: 8, img_0270.jpg, 624, 32
sampling positions: 9, img_0276.jpg, 40, 48
sampling positions: 10, img_0278.jpg, 416, 744
sampling positions: 11, img_0280.jpg, 312, 8
sampling positions: 12, img_0284.jpg, 208, 288
sampling positions: 13, img_0288.jpg, 8, 176
sampling positions: 14, img_0291.jpg, 392, 696
sampling positions: 15, img_0294.jpg, 264, 248
sampling positions: 16, img_0300.jpg, 448, 752
sampling positions: 17, img_0316.jpg, 64, 184
sampling positions: 18, img_0323.jpg, 368, 104
sampling positions: 19, img_0325.jpg, 0, 328
sampling positions: 20, img_0348.jpg, 464, 360
sampling positions: 21, img_0360.jpg, 288, 384
sampling positions: 22, img_0361.jpg, 192, 128
sampling positions: 23, img_0364.jpg, 384, 704
sampling positions: 24, img_0375.jpg, 24, 88
sampling positions: 25, img_0379.jpg, 416, 512
sampling positions: 26, img_0382.jpg, 296, 232
sampling positions: 27, img_0384.jpg, 456, 88
sampling positions: 28, img_0386.jpg, 72, 8
sampling positions: 29, img_0389.jpg, 96, 696
sampling positions: 30, img_0390.jpg, 168, 296
sampling positions: 31, img_0391.jpg, 80, 664
sampling positions: 0, img_0401.jpg, 432, 48
sampling positions: 1, img_0403.jpg, 184, 272
sampling positions: 2, img_0407.jpg, 48, 752
sampling positions: 3, img_0415.jpg, 384, 40
sampling positions: 4, img_0418.jpg, 216, 256
sampling positions: 5, img_0428.jpg, 72, 0
sampling positions: 6, img_0430.jpg, 272, 696
sampling positions: 7, img_0432.jpg, 48, 248
sampling positions: 8, img_0435.jpg, 440, 600
sampling positions: 9, img_0436.jpg, 296, 536
sampling positions: 10, img_0437.jpg, 40, 792
sampling positions: 11, img_0438.jpg, 48, 376
sampling positions: 12, img_0468.jpg, 24, 536
sampling positions: 13, img_0471.jpg, 256, 184
sampling positions: 14, img_0472.jpg, 168, 296
sampling positions: 15, img_0479.jpg, 456, 728
sampling positions: 16, img_0489.jpg, 528, 480
sampling positions: 17, img_0495.jpg, 520, 72
sampling positions: 18, img_0496.jpg, 8, 608
sampling positions: 19, img_0498.jpg, 320, 544
sampling positions: 20, img_0505.jpg, 16, 432
sampling positions: 21, img_0511.jpg, 304, 672
sampling positions: 22, img_0521.jpg, 360, 792
sampling positions: 23, img_0523.jpg, 0, 752
sampling positions: 24, img_0524.jpg, 224, 576
sampling positions: 25, img_0527.jpg, 496, 400
sampling positions: 26, img_0529.jpg, 112, 544
sampling positions: 27, img_0552.jpg, 384, 352
sampling positions: 28, img_0553.jpg, 144, 240
sampling positions: 29, img_0570.jpg, 520, 232
sampling positions: 30, img_0574.jpg, 384, 16
sampling positions: 31, img_0578.jpg, 32, 112
sampling positions: 0, img_0592.jpg, 200, 64
sampling positions: 1, img_0596.jpg, 176, 488
sampling positions: 2, img_0601.jpg, 272, 136
sampling positions: 3, img_0603.jpg, 688, 48
sampling positions: 4, img_0607.jpg, 448, 392
sampling positions: 5, img_0617.jpg, 216, 680
sampling positions: 6, img_0622.jpg, 312, 144
sampling positions: 7, img_0623.jpg, 8, 184
sampling positions: 8, img_0636.jpg, 320, 576
sampling positions: 9, img_0637.jpg, 72, 536
sampling positions: 10, img_0638.jpg, 480, 168
sampling positions: 11, img_0639.jpg, 104, 616
sampling positions: 12, img_0646.jpg, 104, 224
sampling positions: 13, img_0654.jpg, 64, 112
sampling positions: 14, img_0669.jpg, 192, 176
sampling positions: 15, img_0670.jpg, 168, 232
sampling positions: 16, img_0674.jpg, 152, 304
sampling positions: 17, img_0677.jpg, 144, 320
sampling positions: 18, img_0678.jpg, 16, 424
sampling positions: 19, img_0682.jpg, 256, 32
sampling positions: 20, img_0690.jpg, 328, 704
sampling positions: 21, img_0700.jpg, 144, 280
sampling positions: 22, img_0702.jpg, 136, 80
sampling positions: 23, img_0721.jpg, 104, 776
sampling positions: 24, img_0733.jpg, 120, 616
sampling positions: 25, img_0742.jpg, 40, 592
sampling positions: 26, img_0754.jpg, 152, 536
sampling positions: 27, img_0756.jpg, 248, 696
sampling positions: 28, img_0762.jpg, 144, 392
sampling positions: 29, img_0769.jpg, 352, 16
sampling positions: 30, img_0777.jpg, 320, 712
sampling positions: 31, img_0784.jpg, 184, 96
sampling positions: 0, img_0786.jpg, 384, 680
sampling positions: 1, img_0791.jpg, 368, 312
sampling positions: 2, img_0792.jpg, 104, 152
sampling positions: 3, img_0796.jpg, 24, 112
sampling positions: 4, img_0803.jpg, 64, 280
sampling positions: 5, img_0808.jpg, 184, 440
sampling positions: 6, img_0809.jpg, 408, 312
sampling positions: 7, img_0812.jpg, 128, 248
sampling positions: 8, img_0814.jpg, 200, 600
sampling positions: 9, img_0821.jpg, 440, 104
sampling positions: 10, img_0834.jpg, 400, 504
sampling positions: 11, img_0840.jpg, 208, 272
sampling positions: 12, img_0843.jpg, 336, 376
sampling positions: 13, img_0853.jpg, 104, 200
sampling positions: 14, img_0855.jpg, 176, 664
sampling positions: 15, img_0859.jpg, 240, 72
sampling positions: 16, img_0860.jpg, 48, 664
sampling positions: 17, img_0862.jpg, 48, 208
sampling positions: 18, img_0864.jpg, 168, 552
sampling positions: 19, img_0903.jpg, 472, 592
sampling positions: 20, img_0905.jpg, 88, 528
sampling positions: 21, img_0906.jpg, 0, 408
sampling positions: 22, img_0913.jpg, 112, 552
sampling positions: 23, img_0915.jpg, 424, 768
sampling positions: 24, img_0917.jpg, 304, 400
sampling positions: 25, img_0923.jpg, 352, 176
sampling positions: 26, img_0926.jpg, 360, 56
sampling positions: 27, img_0927.jpg, 288, 448
sampling positions: 28, img_0928.jpg, 384, 264
sampling positions: 29, img_0929.jpg, 136, 744
sampling positions: 30, img_0937.jpg, 88, 80
sampling positions: 31, img_0938.jpg, 344, 448
sampling positions: 0, img_0948.jpg, 144, 640
sampling positions: 1, img_0951.jpg, 128, 328
sampling positions: 2, img_0953.jpg, 8, 656
sampling positions: 3, img_0954.jpg, 216, 144
sampling positions: 4, img_0963.jpg, 328, 0
sampling positions: 5, img_0970.jpg, 96, 704
sampling positions: 6, img_0973.jpg, 104, 712
sampling positions: 7, img_0975.jpg, 256, 784
sampling positions: 8, img_0982.jpg, 216, 344
sampling positions: 9, img_0985.jpg, 128, 56
sampling positions: 10, img_0988.jpg, 280, 272
sampling positions: 11, img_0989.jpg, 184, 760
sampling positions: 12, img_0991.jpg, 0, 112
sampling positions: 13, img_0996.jpg, 144, 328
sampling positions: 14, img_0998.jpg, 336, 168
sampling positions: 15, img_1006.jpg, 16, 400
sampling positions: 16, img_1019.jpg, 384, 200
sampling positions: 17, img_1021.jpg, 16, 416
sampling positions: 18, img_1024.jpg, 232, 704
sampling positions: 19, img_1041.jpg, 200, 120
sampling positions: 20, img_1043.jpg, 200, 720
sampling positions: 21, img_1049.jpg, 216, 568
sampling positions: 22, img_1050.jpg, 456, 296
sampling positions: 23, img_1051.jpg, 136, 792
sampling positions: 24, img_1054.jpg, 352, 0
sampling positions: 25, img_1062.jpg, 216, 384
sampling positions: 26, img_1063.jpg, 144, 440
sampling positions: 27, img_1064.jpg, 288, 472
sampling positions: 28, img_1066.jpg, 168, 128
sampling positions: 29, img_1069.jpg, 200, 632
sampling positions: 30, img_1083.jpg, 256, 560
sampling positions: 31, img_1088.jpg, 248, 504
